<?xml version="1.0" encoding="UTF-8"?>
<!-- Generated by org.testng.reporters.JUnitReportReporter -->
<testsuite hostname="000D2023258" failures="0" tests="2" name="entryEncoder.MotorcycleCaptureTest" time="14.022" errors="0" timestamp="2023-12-20T10:38:50 CST" skipped="0">
  <testcase classname="entryEncoder.MotorcycleCaptureTest" name="MotorcycleCapture" time="11.780"/>
  <testcase classname="entryEncoder.MotorcycleCaptureTest" name="SearchTest" time="2.242"/>
</testsuite> <!-- entryEncoder.MotorcycleCaptureTest -->
