<?xml version="1.0" encoding="UTF-8"?>
<!-- Generated by org.testng.reporters.JUnitReportReporter -->
<testsuite hostname="000D2023258" failures="0" tests="7" name="entryEncoder.EncoderTest" time="41.659" errors="0" timestamp="2023-12-20T14:16:30 CST" skipped="0">
  <testcase classname="entryEncoder.EncoderTest" name="AppLogin" time="13.246">
    <system-out>
      <![CDATA[This method is: AppLogin
Execution status is: 1]]>
    </system-out>
  </testcase> <!-- AppLogin -->
  <testcase classname="entryEncoder.EncoderTest" name="CaptureVehicleUIValidation" time="0.231">
    <system-out>
      <![CDATA[This method is: CaptureVehicleUIValidation
Execution status is: 1]]>
    </system-out>
  </testcase> <!-- CaptureVehicleUIValidation -->
  <testcase classname="entryEncoder.EncoderTest" name="ProfileSwitching" time="3.300">
    <system-out>
      <![CDATA[This method is: ProfileSwitching
Execution status is: 1]]>
    </system-out>
  </testcase> <!-- ProfileSwitching -->
  <testcase classname="entryEncoder.EncoderTest" name="ViewParkedVehiclesUIValidation" time="0.200">
    <system-out>
      <![CDATA[This method is: ViewParkedVehiclesUIValidation
Execution status is: 1]]>
    </system-out>
  </testcase> <!-- ViewParkedVehiclesUIValidation -->
  <testcase classname="entryEncoder.EncoderTest" name="CarNumberCapturing" time="12.112">
    <system-out>
      <![CDATA[This method is: CarNumberCapturing
Execution status is: 1]]>
    </system-out>
  </testcase> <!-- CarNumberCapturing -->
  <testcase classname="entryEncoder.EncoderTest" name="MotorcycleCapture" time="10.065">
    <system-out>
      <![CDATA[This method is: MotorcycleCapture
Execution status is: 1]]>
    </system-out>
  </testcase> <!-- MotorcycleCapture -->
  <testcase classname="entryEncoder.EncoderTest" name="SearchTest" time="2.505">
    <system-out>
      <![CDATA[This method is: SearchTest
Execution status is: 1]]>
    </system-out>
  </testcase> <!-- SearchTest -->
  <system-out>
    <![CDATA[This method is: AppLogin
Execution status is: 1
This method is: CaptureVehicleUIValidation
Execution status is: 1
This method is: ProfileSwitching
Execution status is: 1
This method is: ViewParkedVehiclesUIValidation
Execution status is: 1
This method is: CarNumberCapturing
Execution status is: 1
This method is: MotorcycleCapture
Execution status is: 1
This method is: SearchTest
Execution status is: 1]]>
  </system-out>
</testsuite> <!-- entryEncoder.EncoderTest -->
