<?xml version="1.0" encoding="UTF-8"?>
<!-- Generated by org.testng.reporters.JUnitReportReporter -->
<testsuite hostname="000D2023258" failures="0" tests="1" name="encoderapp.Test.ProfileSwitchingTest" time="22.000" errors="0" timestamp="2024-01-08T09:58:50 CST" skipped="0">
  <testcase classname="encoderapp.Test.ProfileSwitchingTest" name="profileSwitch" time="22.000"/>
</testsuite> <!-- encoderapp.Test.ProfileSwitchingTest -->
