<?xml version="1.0" encoding="UTF-8"?>
<!-- Generated by org.testng.reporters.JUnitReportReporter -->
<testsuite hostname="000D2023258" failures="0" tests="3" name="encoderapp.Test.ErrorValidations" time="102.806" errors="0" timestamp="2024-01-08T09:58:50 CST" skipped="0">
  <testcase classname="encoderapp.Test.ErrorValidations" name="loginWithInvalidPassword" time="20.672"/>
  <testcase classname="encoderapp.Test.ErrorValidations" name="loginWithInvalidUserName" time="68.760"/>
  <testcase classname="encoderapp.Test.ErrorValidations" name="loginWithoutAccess" time="13.374"/>
</testsuite> <!-- encoderapp.Test.ErrorValidations -->
