<?xml version="1.0" encoding="UTF-8"?>
<!-- Generated by org.testng.reporters.JUnitReportReporter -->
<testsuite hostname="000D2023258" failures="0" tests="2" name="entryEncoder.CarCaptureTest" time="14.822" errors="0" timestamp="2023-12-20T10:38:50 CST" skipped="0">
  <testcase classname="entryEncoder.CarCaptureTest" name="CarNumberCapturing" time="12.563"/>
  <testcase classname="entryEncoder.CarCaptureTest" name="SearchTest" time="2.259"/>
</testsuite> <!-- entryEncoder.CarCaptureTest -->
