<?xml version="1.0" encoding="UTF-8"?>
<!-- Generated by org.testng.reporters.JUnitReportReporter -->
<testsuite hostname="000D2023258" failures="0" tests="1" name="entryEncoder.LoginWithAccess" time="19.142" errors="0" timestamp="2023-12-20T10:38:50 CST" skipped="0">
  <testcase classname="entryEncoder.LoginWithAccess" name="AppLogin" time="19.142"/>
</testsuite> <!-- entryEncoder.LoginWithAccess -->
