<?xml version="1.0" encoding="UTF-8"?>
<!-- Generated by org.testng.reporters.JUnitReportReporter -->
<testsuite hostname="000D2023258" failures="0" tests="1" name="encoderapp.Test.VehicleNumberCaptureTest" time="42.836" errors="0" timestamp="2024-02-08T06:07:02 CST" skipped="0">
  <testcase classname="encoderapp.Test.VehicleNumberCaptureTest" name="motorcycleNumberCaptureTest" time="42.836"/>
</testsuite> <!-- encoderapp.Test.VehicleNumberCaptureTest -->
