<?xml version="1.0" encoding="UTF-8"?>
<!-- Generated by org.testng.reporters.JUnitReportReporter -->
<testsuite hostname="000D2023258" failures="0" tests="3" name="entryEncoder.EncoderLogin" time="0.013" errors="0" timestamp="2023-12-14T11:56:09 CST" skipped="0">
  <testcase classname="entryEncoder.EncoderLogin" name="Sample2" time="0.003"/>
  <testcase classname="entryEncoder.EncoderLogin" name="Sample1" time="0.009"/>
  <testcase classname="entryEncoder.EncoderLogin" name="Sample3" time="0.001"/>
</testsuite> <!-- entryEncoder.EncoderLogin -->
