<?xml version="1.0" encoding="UTF-8"?>
<!-- Generated by org.testng.reporters.JUnitReportReporter -->
<testsuite hostname="000D2023258" failures="0" tests="1" name="startBrowser.BrowserSetup" time="6.310" errors="0" timestamp="2023-12-14T18:25:07 CST" skipped="0">
  <testcase classname="startBrowser.BrowserSetup" name="AppLogin" time="6.310"/>
</testsuite> <!-- startBrowser.BrowserSetup -->
