<?xml version="1.0" encoding="UTF-8"?>
<!-- Generated by org.testng.reporters.JUnitReportReporter -->
<testsuite hostname="000D2023258" failures="0" tests="7" name="entryEncoder.EncoderTest" time="45.152" errors="0" timestamp="2023-12-29T12:20:55 CST" skipped="0">
  <testcase classname="entryEncoder.EncoderTest" name="AppLogin" time="17.923">
    <system-out>
      <![CDATA[This method is: AppLogin
Execution status is: 1]]>
    </system-out>
  </testcase> <!-- AppLogin -->
  <testcase classname="entryEncoder.EncoderTest" name="CaptureVehicleUIValidation" time="0.235">
    <system-out>
      <![CDATA[This method is: CaptureVehicleUIValidation
Execution status is: 1]]>
    </system-out>
  </testcase> <!-- CaptureVehicleUIValidation -->
  <testcase classname="entryEncoder.EncoderTest" name="ProfileSwitching" time="3.338">
    <system-out>
      <![CDATA[This method is: ProfileSwitching
Execution status is: 1]]>
    </system-out>
  </testcase> <!-- ProfileSwitching -->
  <testcase classname="entryEncoder.EncoderTest" name="ViewParkedVehiclesUIValidation" time="0.205">
    <system-out>
      <![CDATA[This method is: ViewParkedVehiclesUIValidation
Execution status is: 1]]>
    </system-out>
  </testcase> <!-- ViewParkedVehiclesUIValidation -->
  <testcase classname="entryEncoder.EncoderTest" name="CarNumberCapturing" time="11.530">
    <system-out>
      <![CDATA[This method is: CarNumberCapturing
Execution status is: 1]]>
    </system-out>
  </testcase> <!-- CarNumberCapturing -->
  <testcase classname="entryEncoder.EncoderTest" name="MotorcycleCapture" time="9.379">
    <system-out>
      <![CDATA[This method is: MotorcycleCapture
Execution status is: 1]]>
    </system-out>
  </testcase> <!-- MotorcycleCapture -->
  <testcase classname="entryEncoder.EncoderTest" name="SearchTest" time="2.542">
    <system-out>
      <![CDATA[This method is: SearchTest
Execution status is: 1]]>
    </system-out>
  </testcase> <!-- SearchTest -->
  <system-out>
    <![CDATA[This method is: AppLogin
Execution status is: 1
This method is: CaptureVehicleUIValidation
Execution status is: 1
This method is: ProfileSwitching
Execution status is: 1
This method is: ViewParkedVehiclesUIValidation
Execution status is: 1
This method is: CarNumberCapturing
Execution status is: 1
This method is: MotorcycleCapture
Execution status is: 1
This method is: SearchTest
Execution status is: 1]]>
  </system-out>
</testsuite> <!-- entryEncoder.EncoderTest -->
