<?xml version="1.0" encoding="UTF-8"?>
<!-- Generated by org.testng.reporters.JUnitReportReporter -->
<testsuite hostname="000D2023258" failures="0" tests="1" name="encoderapp.Test.ErrorValidationsTest" time="16.987" errors="0" timestamp="2024-02-07T22:13:16 CST" skipped="0">
  <testcase classname="encoderapp.Test.ErrorValidationsTest" name="loginWithInvalidUserName" time="16.987"/>
</testsuite> <!-- encoderapp.Test.ErrorValidationsTest -->
