<?xml version="1.0" encoding="UTF-8"?>
<!-- Generated by org.testng.reporters.JUnitReportReporter -->
<testsuite hostname="000D2023258" failures="0" tests="1" name="encoderapp.Test.CarNumberCaptureTest" time="25.848" errors="0" timestamp="2024-01-04T16:04:01 CST" skipped="0">
  <testcase classname="encoderapp.Test.CarNumberCaptureTest" name="standAloneTest" time="25.848"/>
</testsuite> <!-- encoderapp.Test.CarNumberCaptureTest -->
