<?xml version="1.0" encoding="UTF-8"?>
<!-- Generated by org.testng.reporters.JUnitReportReporter -->
<testsuite hostname="000D2023258" failures="0" tests="1" name="encoderapp.Test.VehicleSearchTest" time="45.681" errors="0" timestamp="2024-01-08T08:52:22 CST" skipped="0">
  <testcase classname="encoderapp.Test.VehicleSearchTest" name="motorcyleParkedVehicleSearch" time="45.681"/>
</testsuite> <!-- encoderapp.Test.VehicleSearchTest -->
