<?xml version="1.0" encoding="UTF-8"?>
<!-- Generated by org.testng.reporters.JUnitReportReporter -->
<testsuite hostname="000D2023258" failures="0" tests="1" name="entryEncoder.LoginWithAccess" time="18.180" errors="0" timestamp="2023-12-29T10:49:29 CST" skipped="0">
  <testcase classname="entryEncoder.LoginWithAccess" name="AppLogin" time="18.180"/>
</testsuite> <!-- entryEncoder.LoginWithAccess -->
