<?xml version="1.0" encoding="UTF-8"?>
<!-- Generated by org.testng.reporters.JUnitReportReporter -->
<testsuite hostname="000D2023258" failures="0" tests="2" name="entryEncoder.EntryEncoder" time="29.467" errors="0" timestamp="2023-12-18T14:27:05 CST" skipped="0">
  <testcase classname="entryEncoder.EntryEncoder" name="AppLogin" time="16.572"/>
  <testcase classname="entryEncoder.EntryEncoder" name="MotorcycleCapture" time="12.895"/>
</testsuite> <!-- entryEncoder.EntryEncoder -->
