<?xml version="1.0" encoding="UTF-8"?>
<!-- Generated by org.testng.reporters.JUnitReportReporter -->
<testsuite hostname="000D2023258" failures="0" tests="1" name="encoderapp.pageobjects.StandAlone" time="15.002" errors="0" timestamp="2024-01-03T15:31:41 CST" skipped="0">
  <testcase classname="encoderapp.pageobjects.StandAlone" name="standAloneTest" time="15.002"/>
</testsuite> <!-- encoderapp.pageobjects.StandAlone -->
