<?xml version="1.0" encoding="UTF-8"?>
<!-- Generated by org.testng.reporters.JUnitReportReporter -->
<testsuite hostname="000D2023258" failures="0" tests="1" name="entryEncoder.BrowserSetup" time="6.413" errors="0" timestamp="2023-12-14T18:18:58 CST" skipped="0">
  <testcase classname="entryEncoder.BrowserSetup" name="AppLogin" time="6.413"/>
</testsuite> <!-- entryEncoder.BrowserSetup -->
