<?xml version="1.0" encoding="UTF-8"?>
<!-- Generated by org.testng.reporters.JUnitReportReporter -->
<testsuite hostname="000D2023258" failures="0" tests="3" name="encoderapp.Test.ErrorValidations" time="58.701" errors="0" timestamp="2024-01-08T09:12:20 CST" skipped="0">
  <testcase classname="encoderapp.Test.ErrorValidations" name="loginWithoutAccess" time="12.490"/>
  <testcase classname="encoderapp.Test.ErrorValidations" name="loginWithInvalidPassword" time="35.225"/>
  <testcase classname="encoderapp.Test.ErrorValidations" name="loginWithInvalidUserName" time="10.986"/>
</testsuite> <!-- encoderapp.Test.ErrorValidations -->
