<?xml version="1.0" encoding="UTF-8"?>
<!-- Generated by org.testng.reporters.JUnitReportReporter -->
<testsuite hostname="000D2023258" failures="0" tests="4" name="entryEncoder.LoginWithoutAccess" time="2.312" errors="0" timestamp="2023-12-20T10:38:50 CST" skipped="0">
  <testcase classname="entryEncoder.LoginWithoutAccess" name="LoginWithoutPermission" time="0.491"/>
  <testcase classname="entryEncoder.LoginWithoutAccess" name="LoginWithoutPermission" time="0.390"/>
  <testcase classname="entryEncoder.LoginWithoutAccess" name="LoginWithoutPermission" time="0.789"/>
  <testcase classname="entryEncoder.LoginWithoutAccess" name="LoginWithoutPermission" time="0.642"/>
</testsuite> <!-- entryEncoder.LoginWithoutAccess -->
